2025-03-19 01:00:45,262 - INFO -  Backend Flask iniciado.
2025-03-19 01:01:56,556 - DEBUG - Intento de inicio de sesi贸n: admin@shelly.local
2025-03-19 01:01:56,560 - DEBUG - Usuario encontrado en la base de datos
2025-03-19 01:01:56,901 - DEBUG - Contrase帽a correcta
2025-03-19 01:02:15,265 - DEBUG - Datos recibidos para crear usuario: {'nombre': 'papa', 'email': 'papa@papa', 'password': 'papa', 'rol': 'user'}
2025-03-19 01:02:15,655 - DEBUG - Usuario creado: <User 16>
2025-03-19 01:02:30,297 - DEBUG - Datos recibidos para actualizar rol: {'rol': 'user'}
2025-03-19 01:02:30,300 - DEBUG - Actualizando rol del usuario 9 a user
2025-03-19 01:02:30,319 - INFO - Rol del usuario 9 actualizado a user
2025-03-19 01:05:09,589 - DEBUG - Datos recibidos para crear usuario: {'nombre': 'papa', 'email': 'papa2@papa2', 'password': 'papa', 'rol': 'user'}
2025-03-19 01:05:09,592 - DEBUG - El nombre de usuario o el correo electr贸nico ya est谩n en uso
2025-03-19 01:05:29,373 - DEBUG - Datos recibidos para crear usuario: {'nombre': 'papa2', 'email': 'papa@papa', 'password': 'papa', 'rol': 'user'}
2025-03-19 01:05:29,376 - DEBUG - El nombre de usuario o el correo electr贸nico ya est谩n en uso
2025-03-19 01:05:36,856 - DEBUG - Datos recibidos para crear usuario: {'nombre': 'papa2', 'email': 'papa2@papa', 'password': 'papa', 'rol': 'user'}
2025-03-19 01:05:37,213 - DEBUG - Usuario creado: <User 17>
2025-03-19 01:23:13,294 - DEBUG - Intento de inicio de sesi贸n: admin@shelly.local
2025-03-19 01:23:13,300 - DEBUG - Usuario encontrado en la base de datos
2025-03-19 01:23:13,642 - DEBUG - Contrase帽a correcta
2025-03-19 01:27:28,671 - DEBUG - Intento de inicio de sesi贸n: admin@shelly.local
2025-03-19 01:27:28,674 - DEBUG - Usuario encontrado en la base de datos
2025-03-19 01:27:29,013 - DEBUG - Contrase帽a correcta
2025-03-19 04:11:10,585 - DEBUG - Intento de inicio de sesi贸n: admin@shelly.local
2025-03-19 04:11:10,594 - DEBUG - Usuario encontrado en la base de datos
2025-03-19 04:11:10,934 - DEBUG - Contrase帽a correcta
2025-03-19 04:16:59,430 - DEBUG - Intento de inicio de sesi贸n: admin@shelly.local
2025-03-19 04:16:59,433 - DEBUG - Usuario encontrado en la base de datos
2025-03-19 04:16:59,772 - DEBUG - Contrase帽a correcta
2025-03-19 04:26:30,296 - DEBUG - Intento de inicio de sesi贸n: admin@shelly.local
2025-03-19 04:26:30,303 - DEBUG - Usuario encontrado en la base de datos
2025-03-19 04:26:30,648 - DEBUG - Contrase帽a correcta
2025-03-19 04:31:47,050 - DEBUG - Intento de inicio de sesi贸n: admin@shelly.local
2025-03-19 04:31:47,052 - DEBUG - Usuario encontrado en la base de datos
2025-03-19 04:31:47,392 - DEBUG - Contrase帽a correcta
2025-03-19 04:33:20,254 - DEBUG - Intento de inicio de sesi贸n: pepe@pepe
2025-03-19 04:33:20,257 - DEBUG - Usuario encontrado en la base de datos
2025-03-19 04:33:20,594 - DEBUG - Contrase帽a correcta
2025-03-19 04:46:35,279 - DEBUG - Intento de inicio de sesi贸n: admin@shelly.local
2025-03-19 04:46:35,284 - DEBUG - Usuario encontrado en la base de datos
2025-03-19 04:46:35,624 - DEBUG - Contrase帽a correcta
2025-03-19 04:50:53,290 - DEBUG - Intento de inicio de sesi贸n: admin@shelly.local
2025-03-19 04:50:53,295 - DEBUG - Usuario encontrado en la base de datos
2025-03-19 04:50:53,636 - DEBUG - Contrase帽a correcta
2025-03-19 04:53:49,698 - DEBUG - Intento de inicio de sesi贸n: admin@shelly.local
2025-03-19 04:53:49,708 - DEBUG - Usuario encontrado en la base de datos
2025-03-19 04:53:50,048 - DEBUG - Contrase帽a correcta
2025-03-19 04:57:40,437 - DEBUG - Intento de inicio de sesi贸n: admin@shelly.local
2025-03-19 04:57:40,440 - DEBUG - Usuario encontrado en la base de datos
2025-03-19 04:57:40,779 - DEBUG - Contrase帽a correcta
2025-03-19 05:00:18,715 - DEBUG - Intento de inicio de sesi贸n: admin@shelly.local
2025-03-19 05:00:18,717 - DEBUG - Usuario encontrado en la base de datos
2025-03-19 05:00:19,056 - DEBUG - Contrase帽a correcta
2025-03-19 05:02:20,761 - DEBUG - Intento de inicio de sesi贸n: admin@shelly.local
2025-03-19 05:02:20,785 - DEBUG - Usuario encontrado en la base de datos
2025-03-19 05:02:21,129 - DEBUG - Contrase帽a correcta
2025-03-19 05:57:40,687 - INFO -  Backend Flask iniciado.
2025-03-19 06:16:53,297 - INFO -  Backend Flask iniciado.
2025-03-19 06:19:13,237 - DEBUG - Intento de inicio de sesi贸n: admin@shelly.local
2025-03-19 06:19:13,248 - DEBUG - Usuario encontrado en la base de datos
2025-03-19 06:19:13,588 - DEBUG - Contrase帽a correcta
2025-03-19 06:21:12,645 - DEBUG - Datos recibidos para crear usuario: {'nombre': 'mama', 'email': 'mama@mama', 'password': 'mama', 'rol': 'user'}
2025-03-19 06:21:13,041 - DEBUG - Usuario creado: <User 18>
2025-03-19 07:07:50,122 - INFO -  Backend Flask iniciado.
2025-03-19 07:13:35,517 - INFO -  Backend Flask iniciado.
2025-03-19 07:19:05,673 - INFO -  Backend Flask iniciado.
2025-03-19 07:20:39,676 - DEBUG - Intento de inicio de sesi贸n: mama@mama
2025-03-19 07:20:39,680 - DEBUG - Usuario encontrado en la base de datos
2025-03-19 07:20:40,019 - DEBUG - Contrase帽a correcta
2025-03-19 07:40:17,937 - INFO -  Backend Flask iniciado.
2025-03-19 07:41:14,719 - DEBUG - Intento de inicio de sesi贸n: mama@mama
2025-03-19 07:41:14,722 - DEBUG - Usuario encontrado en la base de datos
2025-03-19 07:41:15,063 - DEBUG - Contrase帽a correcta
2025-03-19 07:42:23,394 - DEBUG - Intento de inicio de sesi贸n: dami@dami
2025-03-19 07:42:23,397 - DEBUG - Usuario encontrado en la base de datos
2025-03-19 07:42:23,737 - DEBUG - Contrase帽a correcta
2025-03-19 07:43:34,836 - DEBUG - Intento de inicio de sesi贸n: admin@shelly.local
2025-03-19 07:43:34,838 - DEBUG - Usuario encontrado en la base de datos
2025-03-19 07:43:35,178 - DEBUG - Contrase帽a correcta
2025-03-19 07:57:44,824 - DEBUG - Intento de inicio de sesi贸n: admin@shelly.local
2025-03-19 07:57:44,831 - DEBUG - Usuario encontrado en la base de datos
2025-03-19 07:57:45,177 - DEBUG - Contrase帽a correcta
2025-03-19 07:59:18,089 - DEBUG - Intento de inicio de sesi贸n: mama@mama
2025-03-19 07:59:18,092 - DEBUG - Usuario encontrado en la base de datos
2025-03-19 07:59:18,431 - DEBUG - Contrase帽a correcta
2025-03-19 08:00:26,555 - DEBUG - Intento de inicio de sesi贸n: pepe@pepe
2025-03-19 08:00:26,559 - DEBUG - Usuario encontrado en la base de datos
2025-03-19 08:00:26,900 - DEBUG - Contrase帽a correcta
2025-03-19 08:01:28,836 - DEBUG - Intento de inicio de sesi贸n: dami@dami
2025-03-19 08:01:28,838 - DEBUG - Usuario encontrado en la base de datos
2025-03-19 08:01:29,176 - DEBUG - Contrase帽a correcta
2025-03-19 08:11:52,365 - DEBUG - Intento de inicio de sesi贸n: admin@shelly.local
2025-03-19 08:11:52,367 - DEBUG - Usuario encontrado en la base de datos
2025-03-19 08:11:52,709 - DEBUG - Contrase帽a correcta
2025-03-19 08:12:32,502 - DEBUG - Datos recibidos para actualizar rol: {'rol': 'user'}
2025-03-19 08:12:32,504 - DEBUG - Actualizando rol del usuario 4 a user
2025-03-19 08:12:32,520 - INFO - Rol del usuario 4 actualizado a user
2025-03-19 08:12:48,478 - DEBUG - Datos recibidos para actualizar rol: {'rol': 'admin'}
2025-03-19 08:12:48,480 - DEBUG - Actualizando rol del usuario 4 a admin
2025-03-19 08:12:48,493 - INFO - Rol del usuario 4 actualizado a admin
2025-03-19 08:19:52,618 - DEBUG - Intento de inicio de sesi贸n: admin@shelly.local
2025-03-19 08:19:52,621 - DEBUG - Usuario encontrado en la base de datos
2025-03-19 08:19:52,960 - DEBUG - Contrase帽a correcta
2025-03-19 08:21:20,695 - DEBUG - Intento de inicio de sesi贸n: dami@dami
2025-03-19 08:21:20,698 - DEBUG - Usuario encontrado en la base de datos
2025-03-19 08:21:21,037 - DEBUG - Contrase帽a correcta
2025-03-19 08:29:29,930 - DEBUG - Intento de inicio de sesi贸n: admin@shelly.local
2025-03-19 08:29:29,933 - DEBUG - Usuario encontrado en la base de datos
2025-03-19 08:29:30,273 - DEBUG - Contrase帽a correcta
2025-03-19 08:51:11,003 - DEBUG - Intento de inicio de sesi贸n: admin@shelly.local
2025-03-19 08:51:11,005 - DEBUG - Usuario encontrado en la base de datos
2025-03-19 08:51:11,355 - DEBUG - Contrase帽a correcta
2025-03-19 08:52:42,586 - DEBUG - Intento de inicio de sesi贸n: pepe@pepe
2025-03-19 08:52:42,588 - DEBUG - Usuario encontrado en la base de datos
2025-03-19 08:52:42,928 - DEBUG - Contrase帽a correcta
2025-03-19 08:57:50,571 - DEBUG - Intento de inicio de sesi贸n: admin@shelly.local
2025-03-19 08:57:50,574 - DEBUG - Usuario encontrado en la base de datos
2025-03-19 08:57:50,914 - DEBUG - Contrase帽a correcta
2025-03-19 08:59:26,400 - DEBUG - Intento de inicio de sesi贸n: admin@shelly.local
2025-03-19 08:59:26,403 - DEBUG - Usuario encontrado en la base de datos
2025-03-19 08:59:26,748 - DEBUG - Contrase帽a correcta
